<?xml version="1.0" encoding="UTF-8"?>
<changeDescription xmlns="http://firefly.neuland-bfi.de/v1">
    <groovy author="jUnit" id="1" file="scripts/beans.groovy" description="Groovy-Ã„nderung mit Verweis auf Datei"/>
</changeDescription>
